<?xml version="1.0" encoding="UTF-8"?>
<!-- Generated by org.testng.reporters.JUnitReportReporter -->
<testsuite hostname="LAPTOP-6TD2M6NN" failures="0" tests="3" name="rahulshettyacademy.Tests.SubmitOrderTest" time="18.363" errors="0" timestamp="2024-09-30T19:00:22 IST" skipped="0">
  <testcase classname="rahulshettyacademy.Tests.SubmitOrderTest" name="SubmitTest" time="8.288"/>
  <testcase classname="rahulshettyacademy.Tests.SubmitOrderTest" name="SubmitTest" time="6.135"/>
  <testcase classname="rahulshettyacademy.Tests.SubmitOrderTest" name="OrderHistoryTest" time="3.940"/>
</testsuite> <!-- rahulshettyacademy.Tests.SubmitOrderTest -->
