<?xml version="1.0" encoding="UTF-8"?>
<!-- Generated by org.testng.reporters.JUnitReportReporter -->
<testsuite hostname="LAPTOP-6TD2M6NN" failures="0" tests="1" name="cucumber.TestNGTestRunner" time="5.653" errors="0" timestamp="2024-10-09T19:38:41 IST" skipped="0">
  <testcase classname="cucumber.TestNGTestRunner" name="runScenario" time="5.653"/>
</testsuite> <!-- cucumber.TestNGTestRunner -->
