<?xml version="1.0" encoding="UTF-8"?>
<!-- Generated by org.testng.reporters.JUnitReportReporter -->
<testsuite hostname="LAPTOP-6TD2M6NN" failures="0" tests="3" name="rahulshettyacademy.Tests.SubmitOrderTest" time="16.707" errors="0" timestamp="2024-10-03T12:24:36 IST" skipped="0">
  <testcase classname="rahulshettyacademy.Tests.SubmitOrderTest" name="SubmitTest" time="6.883"/>
  <testcase classname="rahulshettyacademy.Tests.SubmitOrderTest" name="SubmitTest" time="6.946"/>
  <testcase classname="rahulshettyacademy.Tests.SubmitOrderTest" name="OrderHistoryTest" time="2.878"/>
</testsuite> <!-- rahulshettyacademy.Tests.SubmitOrderTest -->
